Start testing: May 12 14:34 MSK
----------------------------------------------------------
1/3 Testing: test_DateTime
1/3 Test: test_DateTime
Command: "/Users/polzovatel/Desktop/C++Project/pms-library/tests/test_DateTime"
Directory: /Users/polzovatel/Desktop/C++Project/pms-library/tests
"test_DateTime" start time: May 12 14:34 MSK
Output:
----------------------------------------------------------
DateTime tests passed.
<end of output>
Test time =   0.17 sec
----------------------------------------------------------
Test Passed.
"test_DateTime" end time: May 12 14:34 MSK
"test_DateTime" time elapsed: 00:00:00
----------------------------------------------------------

2/3 Testing: test_Room
2/3 Test: test_Room
Command: "/Users/polzovatel/Desktop/C++Project/pms-library/tests/test_Room"
Directory: /Users/polzovatel/Desktop/C++Project/pms-library/tests
"test_Room" start time: May 12 14:34 MSK
Output:
----------------------------------------------------------
Room tests passed.
<end of output>
Test time =   0.17 sec
----------------------------------------------------------
Test Passed.
"test_Room" end time: May 12 14:34 MSK
"test_Room" time elapsed: 00:00:00
----------------------------------------------------------

3/3 Testing: test_BookingFlow
3/3 Test: test_BookingFlow
Command: "/Users/polzovatel/Desktop/C++Project/pms-library/tests/test_BookingFlow"
Directory: /Users/polzovatel/Desktop/C++Project/pms-library/tests
"test_BookingFlow" start time: May 12 14:34 MSK
Output:
----------------------------------------------------------
Booking flow integration test passed.
<end of output>
Test time =   0.16 sec
----------------------------------------------------------
Test Passed.
"test_BookingFlow" end time: May 12 14:34 MSK
"test_BookingFlow" time elapsed: 00:00:00
----------------------------------------------------------

End testing: May 12 14:34 MSK
